<?xml version="1.0" encoding="UTF-8"?>
<testsuites name="Amazon_Test_Suite_001" time="67.711" tests="2" failures="0" errors="0">
   <testsuite name="Amazon_Test_Suite_001" tests="2" failures="0" errors="0" time="67.711" skipped="0" timestamp="10-02-2024T02:52:14" hostname="Raju - Raju-Gangidi" id="Test Suites/Amazon_Test_Suite_001">
      <properties>
         <property name="deviceName" value=""/>
         <property name="devicePlatform" value=""/>
         <property name="logFolder" value="C:\\Users\\91939\\git\\SI-GuidedProject-706089-1706605153\\Reports\\20240210_025205\\Amazon_Test_Suite_001\\20240210_025206"/>
         <property name="logFiles" value="C:\\Users\\91939\\git\\SI-GuidedProject-706089-1706605153\\Reports\\20240210_025205\\Amazon_Test_Suite_001\\20240210_025206\\execution0.log"/>
         <property name="attachments" value=""/>
         <property name="hostName" value="Raju - Raju-Gangidi"/>
         <property name="os" value="Windows 11 64bit"/>
         <property name="katalonVersion" value="9.3.0.212"/>
         <property name="browser" value="Chrome 121.0.0.0"/>
         <property name="hostAddress" value="192.168.140.235"/>
         <property name="sessionId" value="81edc45a13fce20964b589652c6e1679"/>
         <property name="seleniumVersion" value="3.141.59"/>
         <property name="proxyInformation" value="ProxyInformation { proxyOption=NO_PROXY, proxyServerType=HTTP, username=, password=********, proxyServerAddress=, proxyServerPort=0, executionList=&quot;&quot;, isApplyToDesiredCapabilities=true }"/>
         <property name="platform" value="Windows 11"/>
      </properties>
      <testcase name="Test Cases/Amazon/TC_Amazon_Validate_Login" time="36.137" classname="Test Cases/Amazon/TC_Amazon_Validate_Login" status="PASSED">
         <system-out><![CDATA[10-02-2024T02:52:14 - [TEST_CASE][PASSED] - Test Cases/Amazon/TC_Amazon_Validate_Login: Test Cases/Amazon/TC_Amazon_Validate_Login

10-02-2024T02:52:14 - [TEST_STEP][PASSED] - Start listener action : sampleBeforeTestCase: Navigate to 'https://www.amazon.com/' successfully

10-02-2024T02:52:14 - [TEST_STEP][PASSED] - openBrowser(""): Browser is opened with url: ''

10-02-2024T02:52:15 - [MESSAGE][INFO] - Starting 'Chrome' driver

10-02-2024T02:52:15 - [MESSAGE][INFO] - Action delay is set to 0 milliseconds

10-02-2024T02:52:17 - [MESSAGE][PASSED] - Browser is opened with url: ''

10-02-2024T02:52:17 - [TEST_STEP][PASSED] - navigateToUrl("https://www.amazon.com/"): Navigate to 'https://www.amazon.com/' successfully

10-02-2024T02:52:26 - [MESSAGE][PASSED] - Navigate to 'https://www.amazon.com/' successfully

10-02-2024T02:52:26 - [TEST_STEP][PASSED] - openBrowser(""): Browser is opened with url: ''

10-02-2024T02:52:26 - [MESSAGE][WARNING] - A browser is already opened. Closing browser and opening a new one

10-02-2024T02:52:27 - [MESSAGE][INFO] - Starting 'Chrome' driver

10-02-2024T02:52:27 - [MESSAGE][INFO] - Action delay is set to 0 milliseconds

10-02-2024T02:52:28 - [MESSAGE][PASSED] - Browser is opened with url: ''

10-02-2024T02:52:28 - [TEST_STEP][PASSED] - navigateToUrl("https://www.amazon.com/"): Navigate to 'https://www.amazon.com/' successfully

10-02-2024T02:52:33 - [MESSAGE][PASSED] - Navigate to 'https://www.amazon.com/' successfully

10-02-2024T02:52:33 - [TEST_STEP][PASSED] - click(findTestObject("Object Repository/Amazon_Validate_Login_OR/Page_Amazon.com. Spend less. Smile more/span_Sign in")): Object: 'Object Repository/Amazon_Validate_Login_OR/Page_Amazon.com. Spend less. Smile more/span_Sign in' is clicked on

10-02-2024T02:52:37 - [MESSAGE][PASSED] - Object: 'Object Repository/Amazon_Validate_Login_OR/Page_Amazon.com. Spend less. Smile more/span_Sign in' is clicked on

10-02-2024T02:52:37 - [TEST_STEP][PASSED] - setText(findTestObject("Object Repository/Amazon_Validate_Login_OR/Page_Amazon Sign-In/input_Email or mobile phone number_email"), "frdscallsmereddy@gmail.com"): Text 'frdscallsmereddy@gmail.com' is set on object 'Object Repository/Amazon_Validate_Login_OR/Page_Amazon Sign-In/input_Email or mobile phone number_email'

10-02-2024T02:52:39 - [MESSAGE][PASSED] - Text 'frdscallsmereddy@gmail.com' is set on object 'Object Repository/Amazon_Validate_Login_OR/Page_Amazon Sign-In/input_Email or mobile phone number_email'

10-02-2024T02:52:39 - [TEST_STEP][PASSED] - click(findTestObject("Object Repository/Amazon_Validate_Login_OR/Page_Amazon Sign-In/input_Enter your email or mobile phone numb_fc7402")): Object: 'Object Repository/Amazon_Validate_Login_OR/Page_Amazon Sign-In/input_Enter your email or mobile phone numb_fc7402' is clicked on

10-02-2024T02:52:41 - [MESSAGE][PASSED] - Object: 'Object Repository/Amazon_Validate_Login_OR/Page_Amazon Sign-In/input_Enter your email or mobile phone numb_fc7402' is clicked on

10-02-2024T02:52:41 - [TEST_STEP][PASSED] - setEncryptedText(findTestObject("Object Repository/Amazon_Validate_Login_OR/Page_Amazon Sign-In/input_Forgot your password_password"), "c/SSayQdT/EtSq2U0Aqd+Q=="): Text ****** has been set on object 'Object Repository/Amazon_Validate_Login_OR/Page_Amazon Sign-In/input_Forgot your password_password'

10-02-2024T02:52:42 - [MESSAGE][PASSED] - Text ****** has been set on object 'Object Repository/Amazon_Validate_Login_OR/Page_Amazon Sign-In/input_Forgot your password_password'

10-02-2024T02:52:42 - [TEST_STEP][PASSED] - click(findTestObject("Object Repository/Amazon_Validate_Login_OR/Page_Amazon Sign-In/input_Enter your password_signInSubmit")): Object: 'Object Repository/Amazon_Validate_Login_OR/Page_Amazon Sign-In/input_Enter your password_signInSubmit' is clicked on

10-02-2024T02:52:43 - [MESSAGE][PASSED] - Object: 'Object Repository/Amazon_Validate_Login_OR/Page_Amazon Sign-In/input_Enter your password_signInSubmit' is clicked on

10-02-2024T02:52:43 - [TEST_STEP][PASSED] - maximizeWindow(): Current window maximized

10-02-2024T02:52:50 - [MESSAGE][PASSED] - Current window maximized

10-02-2024T02:52:50 - [TEST_STEP][PASSED] - closeBrowser(): Browser is closed

10-02-2024T02:52:50 - [MESSAGE][PASSED] - Browser is closed

10-02-2024T02:52:50 - [TEST_STEP][PASSED] - Start listener action : sampleAfterTestCase: Browser is closed

10-02-2024T02:52:50 - [TEST_STEP][PASSED] - closeBrowser(): Browser is closed

10-02-2024T02:52:50 - [MESSAGE][PASSED] - Browser is closed]]></system-out>
         <system-err><![CDATA[]]></system-err>
      </testcase>
      <testcase name="Test Cases/Amazon/TC_Amazon_Validate_Logout" time="31.263" classname="Test Cases/Amazon/TC_Amazon_Validate_Logout" status="PASSED">
         <system-out><![CDATA[10-02-2024T02:52:50 - [TEST_CASE][PASSED] - Test Cases/Amazon/TC_Amazon_Validate_Logout: Test Cases/Amazon/TC_Amazon_Validate_Logout

10-02-2024T02:52:50 - [TEST_STEP][PASSED] - Start listener action : sampleBeforeTestCase: Navigate to 'https://www.amazon.com/' successfully

10-02-2024T02:52:50 - [TEST_STEP][PASSED] - openBrowser(""): Browser is opened with url: ''

10-02-2024T02:52:50 - [MESSAGE][INFO] - Starting 'Chrome' driver

10-02-2024T02:52:50 - [MESSAGE][INFO] - Action delay is set to 0 milliseconds

10-02-2024T02:52:52 - [MESSAGE][PASSED] - Browser is opened with url: ''

10-02-2024T02:52:52 - [TEST_STEP][PASSED] - navigateToUrl("https://www.amazon.com/"): Navigate to 'https://www.amazon.com/' successfully

10-02-2024T02:52:56 - [MESSAGE][PASSED] - Navigate to 'https://www.amazon.com/' successfully

10-02-2024T02:52:56 - [TEST_STEP][PASSED] - openBrowser(""): Browser is opened with url: ''

10-02-2024T02:52:56 - [MESSAGE][WARNING] - A browser is already opened. Closing browser and opening a new one

10-02-2024T02:52:56 - [MESSAGE][INFO] - Starting 'Chrome' driver

10-02-2024T02:52:56 - [MESSAGE][INFO] - Action delay is set to 0 milliseconds

10-02-2024T02:52:57 - [MESSAGE][PASSED] - Browser is opened with url: ''

10-02-2024T02:52:58 - [TEST_STEP][PASSED] - navigateToUrl("https://www.amazon.com/"): Navigate to 'https://www.amazon.com/' successfully

10-02-2024T02:53:01 - [MESSAGE][PASSED] - Navigate to 'https://www.amazon.com/' successfully

10-02-2024T02:53:01 - [TEST_STEP][PASSED] - click(findTestObject("Object Repository/Amazon_Validate_Logout_OR/Page_Amazon.com. Spend less. Smile more/span_Sign in")): Object: 'Object Repository/Amazon_Validate_Logout_OR/Page_Amazon.com. Spend less. Smile more/span_Sign in' is clicked on

10-02-2024T02:53:06 - [MESSAGE][PASSED] - Object: 'Object Repository/Amazon_Validate_Logout_OR/Page_Amazon.com. Spend less. Smile more/span_Sign in' is clicked on

10-02-2024T02:53:06 - [TEST_STEP][PASSED] - setText(findTestObject("Object Repository/Amazon_Validate_Logout_OR/Page_Amazon Sign-In/input_Email or mobile phone number_email"), "frdscallsmereddy@gmail.com"): Text 'frdscallsmereddy@gmail.com' is set on object 'Object Repository/Amazon_Validate_Logout_OR/Page_Amazon Sign-In/input_Email or mobile phone number_email'

10-02-2024T02:53:07 - [MESSAGE][PASSED] - Text 'frdscallsmereddy@gmail.com' is set on object 'Object Repository/Amazon_Validate_Logout_OR/Page_Amazon Sign-In/input_Email or mobile phone number_email'

10-02-2024T02:53:07 - [TEST_STEP][PASSED] - click(findTestObject("Object Repository/Amazon_Validate_Logout_OR/Page_Amazon Sign-In/input_Enter your email or mobile phone numb_fc7402")): Object: 'Object Repository/Amazon_Validate_Logout_OR/Page_Amazon Sign-In/input_Enter your email or mobile phone numb_fc7402' is clicked on

10-02-2024T02:53:09 - [MESSAGE][PASSED] - Object: 'Object Repository/Amazon_Validate_Logout_OR/Page_Amazon Sign-In/input_Enter your email or mobile phone numb_fc7402' is clicked on

10-02-2024T02:53:09 - [TEST_STEP][PASSED] - setEncryptedText(findTestObject("Object Repository/Amazon_Validate_Logout_OR/Page_Amazon Sign-In/input_Forgot your password_password"), "c/SSayQdT/EtSq2U0Aqd+Q=="): Text ****** has been set on object 'Object Repository/Amazon_Validate_Logout_OR/Page_Amazon Sign-In/input_Forgot your password_password'

10-02-2024T02:53:11 - [MESSAGE][PASSED] - Text ****** has been set on object 'Object Repository/Amazon_Validate_Logout_OR/Page_Amazon Sign-In/input_Forgot your password_password'

10-02-2024T02:53:11 - [TEST_STEP][PASSED] - click(findTestObject("Object Repository/Amazon_Validate_Logout_OR/Page_Amazon Sign-In/input_Enter your password_signInSubmit")): Object: 'Object Repository/Amazon_Validate_Logout_OR/Page_Amazon Sign-In/input_Enter your password_signInSubmit' is clicked on

10-02-2024T02:53:11 - [MESSAGE][PASSED] - Object: 'Object Repository/Amazon_Validate_Logout_OR/Page_Amazon Sign-In/input_Enter your password_signInSubmit' is clicked on

10-02-2024T02:53:11 - [TEST_STEP][PASSED] - maximizeWindow(): Current window maximized

10-02-2024T02:53:16 - [MESSAGE][PASSED] - Current window maximized

10-02-2024T02:53:16 - [TEST_STEP][PASSED] - click(findTestObject("Object Repository/Amazon_Validate_Logout_OR/Page_Amazon.com. Spend less. Smile more/i_Sign Out_hm-icon nav-sprite")): Object: 'Object Repository/Amazon_Validate_Logout_OR/Page_Amazon.com. Spend less. Smile more/i_Sign Out_hm-icon nav-sprite' is clicked on

10-02-2024T02:53:17 - [MESSAGE][PASSED] - Object: 'Object Repository/Amazon_Validate_Logout_OR/Page_Amazon.com. Spend less. Smile more/i_Sign Out_hm-icon nav-sprite' is clicked on

10-02-2024T02:53:17 - [TEST_STEP][PASSED] - click(findTestObject("Object Repository/Amazon_Validate_Logout_OR/Page_Amazon.com. Spend less. Smile more/a_Sign Out")): Object: 'Object Repository/Amazon_Validate_Logout_OR/Page_Amazon.com. Spend less. Smile more/a_Sign Out' is clicked on

10-02-2024T02:53:21 - [MESSAGE][PASSED] - Object: 'Object Repository/Amazon_Validate_Logout_OR/Page_Amazon.com. Spend less. Smile more/a_Sign Out' is clicked on

10-02-2024T02:53:21 - [TEST_STEP][PASSED] - closeBrowser(): Browser is closed

10-02-2024T02:53:22 - [MESSAGE][PASSED] - Browser is closed

10-02-2024T02:53:22 - [TEST_STEP][PASSED] - Start listener action : sampleAfterTestCase: Browser is closed

10-02-2024T02:53:22 - [TEST_STEP][PASSED] - closeBrowser(): Browser is closed

10-02-2024T02:53:22 - [MESSAGE][PASSED] - Browser is closed]]></system-out>
         <system-err><![CDATA[]]></system-err>
      </testcase>
      <system-out><![CDATA[10-02-2024T02:52:14 - [TEST_SUITE][PASSED] - Amazon_Test_Suite_001: Test Cases/Amazon/TC_Amazon_Validate_Logout]]></system-out>
      <system-err><![CDATA[]]></system-err>
   </testsuite>
</testsuites>
